TID_TEST_STATUS_PASSED
PASSED
TID_TEST_STATUS_INACTIVE
NOT ACTIVE 
TID_TEST_STATUS_UNDEFINED
NOT DEFINED
TID_TEST_STATUS_FAILED
FAILED
TID_TEST_STATUS_REQUESTERROR
REQUEST ERROR
TID_TEST_STATUS_UNTESTED
NOT TESTED
TID_TEST_STATUS_TESTING
CURRENTLY TESTING
TID_TEST_STATUS_UNKNOWN
UNKNOWN
TID_TEST_TABLEHEADER_TEST_PATH
Test Path
TID_TEST_TABLEHEADER_LASTEXECUTION_STATUS
Status
TID_TEST_TABLEHEADER_LASTEXECUTION_DATETIME
Last Executed
TID_TEST_TABLEHEADER_LASTEXECUTION_RUNTIME_SECONDS
Runtime (s)
TID_TEST_LABEL_SITEID
Site ID
TID_TEST_LABEL_ASSEMBLYID
Assembly ID
TID_TEST_LABEL_GROUPID
Group ID
TID_TEST_LABEL_TESTID
Test ID
TID_TEST_LABEL_TEST_PATH
Test Path
TID_TEST_LABEL_URL
Test URL
TID_TEST_LABEL_LASTEXECUTION_STATUS
Current Status
TID_TEST_LABEL_LASTEXECUTION_ATTEMPTS
Attempts
TID_TEST_LABEL_LASTEXECUTION_DATETIME
Last Executed
TID_TEST_LABEL_LASTEXECUTION_RUNTIME_SECONDS
Runtime (s)
TID_TEST_LABEL_LASTEXECUTION_HASH
Test Script Hash
TID_TEST_LABEL_TESTLOG
Test Log
TID_TEST_LABEL_TESTSCRIPT
Test Script Source Code
TID_TEST_LABEL_FIRSTEXECUTION_DATETIME
First Execution
TID_TEST_LABEL_COUNT
Total Executions
TID_TEST_TOOL_TESTLIST
Browse tests 
TID_TEST_TOOL_TESTALL
Execute all tests
TID_TEST_TOOL_TESTLOCAL
Execute local tests
TID_TEST_TOOL_TESTFAILED
Execute failed tests
TID_TEST_TOOL_SELECTGROUP
Select Group
TID_TEST_TOOL_TEST
Run test
TID_TEST_TOOL_VIEW
Details
TID_TEST_TOOL_VIEWLOG
View Log
TID_TEST_TOOL_RESETFILTER
Show all
TID_TEST_BUTTON_FILTER
Filter
TID_TEST_TAB_LASTEXECUTION
Last Execution
TID_TEST_TAB_STATUSHISTORY
Status History
TID_TEST_TAB_TESTSCRIPT
Test Script
TID_TEST_TABLEHEADER_HISTORY_STATUS
Status
TID_TEST_TABLEHEADER_HISTORY_DATETIME
Execution Time
TID_TEST_TABLEHEADER_HISTORY_RUNTIME_SECONDS
Runtime (s)
TID_TEST_TABLEHEADER_HISTORY_HASH
Hash
TID_TEST_LABEL_FILTERSITE
Sites
TID_TEST_FILTEROPTION_ALLSITES
All Sites
TID_TEST_LABEL_FILTERASSEMBLY
Assemblies
TID_TEST_FILTEROPTION_ALLASSEMBLIES
All Assemblies
TID_TEST_LABEL_FILTERGROUP
Groups
TID_TEST_FILTEROPTION_ALLGROUPS
All Groups
TID_TEST_LABEL_INCLUDETESTGROUP
Show "test" group
TID_TEST_TAB_STATUS_ERROR
ERRORS
TID_TEST_TAB_STATUS_WARNING
WARNINGS
TID_TEST_TAB_STATUS_OK
PASSED
TID_TEST_TAB_STATUS_ALL
All Tests
TID_TEST_INFO_NOTESTSFOUND
No tests found.
TID_TEST_INFO_DISPLAYTESTGROUP
Please note: The displayed list of tests contains tests from the group "test". These tests are used to verify the functionality of the testing system. Some of these tests produce errors on a regular basis for self-testing purposes. They are not considered in regular alerting mechanisms.
TID_TEST_INFO_TESTEXECUTED
The test "{TESTID}" has been executed: {TESTSTATUS}
TID_TEST_INFO_RUNTESTS-COMPLETE
All selected tests have been executed.
TID_TEST_INFO_RUNTESTS-PROGRESS
Running tests: {COUNT} remaining.